make.exe all --print-data-base --no-builtin-variables --no-builtin-rules --question
make: *** No rule to make target 'all'.  Stop.

# GNU Make 4.3
# Built for Windows32
# Copyright (C) 1988-2020 Free Software Foundation, Inc.
# License GPLv3+: GNU GPL version 3 or later <http://gnu.org/licenses/gpl.html>
# This is free software: you are free to change and redistribute it.
# There is NO WARRANTY, to the extent permitted by law.

# Make data base, printed on Sat Jun 18 09:49:35 2022

# Variables

# environment
FPS_BROWSER_APP_PROFILE_STRING = Internet Explorer
# environment
SYSTEMDRIVE = C:
# environment
JAVA_HOME = C:\Program Files\OpenJDK\openjdk-8u312-b07
# environment
LC_ALL = C
# environment
USERPROFILE = C:\Users\UFAX
# environment
IOJS_ORG_MIRROR = https://npm.taobao.org/mirrors/iojs
# environment
LOCALAPPDATA = C:\Users\UFAX\AppData\Local
# environment
VSCODE_IPC_HOOK_EXTHOST = \\.\pipe\vscode-ipc-8b476944-2cdd-4854-aa31-f44dfdfe3c56-sock
# environment
VSCODE_CWD = C:\WINDOWS\system32
# environment
CHOCOLATEYINSTALL = C:\ProgramData\chocolatey
# environment
SYSTEMROOT = C:\WINDOWS
# environment
PROCESSOR_LEVEL = 6
# environment
NODEJS_ORG_MIRROR = https://npm.taobao.org/mirrors/node
# environment
PSMODULEPATH = C:\Program Files\WindowsPowerShell\Modules;C:\WINDOWS\system32\WindowsPowerShell\v1.0\Modules
# default
MAKE_COMMAND := C:/ProgramData/chocolatey/lib/make/tools/install/bin/make.exe
# environment
NVMW_NPM_MIRROR = https://npm.taobao.org/mirrors/npm
# environment
GOPATH = C:\Users\UFAX\go
# automatic
@D = $(patsubst %/,%,$(patsubst %\,%,$(dir $@)))
# environment
CHROME_CRASHPAD_PIPE_NAME = \\.\pipe\crashpad_13348_SXZSRJHCJBLITPMJ
# environment
FPS_BROWSER_USER_PROFILE_STRING = Default
# environment
VSCODE_HANDLES_UNCAUGHT_ERRORS = true
# default
.VARIABLES := 
# automatic
%D = $(patsubst %/,%,$(patsubst %\,%,$(dir $%)))
# environment
PYTHON3 = C:\Users\UFAX\AppData\Local\Programs\Python\Python310
# automatic
^D = $(patsubst %/,%,$(patsubst %\,%,$(dir $^)))
# environment
VSCODE_LOG_STACK = false
# automatic
%F = $(notdir $%)
# environment
VSCODE_CODE_CACHE_PATH = C:\Users\UFAX\AppData\Roaming\Code\CachedData\30d9c6cd9483b2cc586687151bcbcd635f373630
# environment
LANG = C
# default
.LOADED := 
# environment
TMP = C:\Users\UFAX\AppData\Local\Temp
# default
.INCLUDE_DIRS = .
# environment
PROCESSOR_ARCHITEW6432 = AMD64
# makefile
MAKEFLAGS = pqrR
# environment
INTEL_DEV_REDIST = C:\Program Files (x86)\Common Files\Intel\Shared Libraries\
# environment
ONEDRIVE = C:\Users\UFAX\OneDrive
# makefile
CURDIR := d:/PRO-PHOTO/codecanyon-wowonder-the-ultimate-php-social-network-platform/wowonder
# environment
VSCODE_PIPE_LOGGING = true
# environment
APPLICATION_INSIGHTS_NO_DIAGNOSTIC_CHANNEL = 1
# automatic
*D = $(patsubst %/,%,$(patsubst %\,%,$(dir $*)))
# environment
PROGRAMFILES = C:\Program Files (x86)
# environment
MFLAGS = -pqrR
# default
.SHELLFLAGS := -c
# environment
COMMONPROGRAMW6432 = C:\Program Files\Common Files
# automatic
+D = $(patsubst %/,%,$(patsubst %\,%,$(dir $+)))
# makefile
MAKEFILE_LIST := 
# automatic
@F = $(notdir $@)
# environment
VSCODE_VERBOSE_LOGGING = true
# environment
VSCODE_PID = 13348
# environment
NODIST_NODE_MIRROR = https://npm.taobao.org/mirrors/node
# automatic
?D = $(patsubst %/,%,$(patsubst %\,%,$(dir $?)))
# automatic
*F = $(notdir $*)
# environment
FIREBASE = C:\Users\UFAX\AppData\Roaming\npm\firebase
# environment
NPM = C:\Users\UFAX\AppData\Roaming\npm
# automatic
<D = $(patsubst %/,%,$(patsubst %\,%,$(dir $<)))
# environment
VSCODE_NLS_CONFIG = {"locale":"en-us","availableLanguages":{},"_languagePackSupport":true}
# default
MAKE_HOST := Windows32
# environment
PROGRAMDATA = C:\ProgramData
# default
SHELL := sh.exe
# environment
HOMEPATH = \Users\UFAX
# default
MAKECMDGOALS := all
# environment
DRIVERDATA = C:\Windows\System32\Drivers\DriverData
# environment
COMSPEC = C:\WINDOWS\system32\cmd.exe
# environment
WINDIR = C:\WINDOWS
# environment
MAKELEVEL := 0
# default
MAKE = $(MAKE_COMMAND)
# environment
PATH = C:\Program Files (x86)\Common Files\Intel\Shared Libraries\redist\intel64\compiler;C:\Program Files\Eclipse Adoptium\jdk-17.0.1.12-hotspot\bin;C:\Program Files (x86)\VMware\VMware Workstation\bin\;C:\Program Files\Common Files\Oracle\Java\javapath;C:\Program Files (x86)\Common Files\Oracle\Java\javapath;C:\Windows\system32;C:\Windows;C:\Windows\System32\Wbem;C:\Windows\System32\WindowsPowerShell\v1.0\;C:\Windows\System32\OpenSSH\;C:\ProgramData\chocolatey\bin;C:\Program Files\Git\cmd;C:\ffmpeg\bin\;C:\TDM-GCC-64\bin;C:\flutter\bin;C:\Program Files\Java\jdk-17.0.1\bin;C:\Program Files\dotnet\;C:\php;C:\Users\UFAX\Desktop\Tor Browser\Browser\TorBrowser\Tor;C:\GAM\;C:\ProgramData\ComposerSetup\bin;C:\phantomjs\bin;C:\Users\UFAX\AppData\mongosh\bin;"C:\Android\tools;C:\Android\platform-tools";C:\android_sdk\tools\bin;C:\Users\UFAX\AppData\Local\Android\Sdk;C:\Program Files\OpenJDK\openjdk-8u312-b07\bin;C:\Users\UFAX\AppData\Roaming\nvm;C:\Program Files\nodejs;C:\Program Files\site.js;C:\WINDOWS\system32;C:\WINDOWS;C:\WINDOWS\System32\Wbem;C:\WINDOWS\System32\WindowsPowerShell\v1.0\;C:\WINDOWS\System32\OpenSSH\;C:\xampp\php;C:\Program Files\Go\bin;C:\Program Files (x86)\Yarn\bin\;C:\Program Files\nodejs\;C:\Program Files\CMake\bin;C:\Program Files\Docker\Docker\resources\bin;C:\ProgramData\DockerDesktop\version-bin;C:\Users\UFAX\AppData\Local\Programs\Python\Python310\Scripts\;C:\Users\UFAX\AppData\Local\Programs\Python\Python310\;C:\Users\UFAX\AppData\Local\.meteor/;C:\Users\myname\AppData\Roaming\npm\node_modules\meteor\node_modules\.bin;C:\Users\myname\AppData\Roaming\npm\node_modules\node_modules\.bin;C:\Users\myname\AppData\Roaming\npm\node_modules\.bin;C:\Users\myname\AppData\Roaming\node_modules\.bin;C:\Users\myname\AppData\node_modules\.bin;C:\Users\myname\node_modules\.bin;C:\Users\node_modules\.bin;C:\node_modules\.bin;C:\Users\UFAX\AppData\Roaming\nvm\v17.3.1\node_modules\npm\node_modules\@npmcli\run-script\lib\node-gyp-bin;C:\Program Files\Eclipse Adoptium\jdk-17.0.1.12-hotspot\bin;C:\Program Files (x86)\VMware\VMware Workstation\bin\;C:\Program Files\Common Files\Oracle\Java\javapath;C:\Python310\Scripts\;C:\Python310\;C:\Windows\system32;C:\Windows;C:\Windows\System32\Wbem;C:\Windows\System32\WindowsPowerShell\v1.0\;C:\Windows\System32\OpenSSH\;C:\ProgramData\chocolatey\bin;C:\Program Files\Git\cmd;C:\ffmp;C:\Users\UFAX\AppData\Local\Programs\Microsoft VS Code\bin
# environment
COMPUTERNAME = UFAX
# default
MAKEFILES := 
# automatic
^F = $(notdir $^)
# environment
NODIST_IOJS_MIRROR = https://npm.taobao.org/mirrors/iojs
# environment
PROMPT = $P$G
# environment
CHOCOLATEYLASTPATHUPDATE = 132929587116588992
# environment
LOGONSERVER = \\UFAX
# environment
VSCODE_LOG_NATIVE = false
# environment
USERNAME = UFAX
# environment
ANDROID_SDK_HOME = C:\Users\UFAX\AppData\Local\Android\Sdk
# environment
COMMONPROGRAMFILES = C:\Program Files (x86)\Common Files
# automatic
?F = $(notdir $?)
# environment
PROGRAMW6432 = C:\Program Files
# environment
PATHEXT = .COM;.EXE;.BAT;.CMD;.VBS;.VBE;.JS;.JSE;.WSF;.WSH;.MSC;.RB;.RBW
# automatic
+F = $(notdir $+)
# environment
ORIGINAL_XDG_CURRENT_DESKTOP = undefined
# environment
USERDOMAIN = UFAX
# 'override' directive
GNUMAKEFLAGS := 
# environment
OS = Windows_NT
# environment
NVM_NODEJS_ORG_MIRROR = https://npm.taobao.org/mirrors/node
# environment
GYP_MSVS_VERSION = 2015
# environment
NVMW_IOJS_ORG_MIRROR = https://npm.taobao.org/mirrors/iojs
# makefile
.DEFAULT_GOAL := 
# environment
NVM_HOME = C:\Users\UFAX\AppData\Roaming\nvm
# default
MAKE_VERSION := 4.3
# environment
PROGRAMFILES(X86) = C:\Program Files (x86)
# environment
USERDOMAIN_ROAMINGPROFILE = UFAX
# environment
NUMBER_OF_PROCESSORS = 16
# environment
PUBLIC = C:\Users\Public
# environment
APPDATA = C:\Users\UFAX\AppData\Roaming
# environment
HOMEDRIVE = C:
# environment
NVM_SYMLINK = C:\Program Files\nodejs
# environment
PROCESSOR_ARCHITECTURE = x86
# environment
NVMW_NODEJS_ORG_MIRROR = https://npm.taobao.org/mirrors/node
# environment
VSCODE_AMD_ENTRYPOINT = vs/workbench/api/node/extensionHostProcess
# environment
COMMONPROGRAMFILES(X86) = C:\Program Files (x86)\Common Files
# environment
NVM_IOJS_ORG_MIRROR = https://npm.taobao.org/mirrors/iojs
# environment
ELECTRON_RUN_AS_NODE = 1
# environment
TEMP = C:\Users\UFAX\AppData\Local\Temp
# environment
VSCODE_IPC_HOOK = \\.\pipe\82e68905fa4ff0367a78e02c959fd829-1.68.1-main-sock
# default
.RECIPEPREFIX := 
# automatic
<F = $(notdir $<)
# default
SUFFIXES := 
# environment
ALLUSERSPROFILE = C:\ProgramData
# environment
SESSIONNAME = Console
# default
.FEATURES := target-specific order-only second-expansion else-if shortest-stem undefine oneshell nocomment grouped-target extra-prereqs archives jobserver output-sync load
# environment
MIC_LD_LIBRARY_PATH = C:\Program Files (x86)\Common Files\Intel\Shared Libraries\compiler\lib\mic
# environment
PROCESSOR_REVISION = a701
# environment
CHOCOLATEYTOOLSLOCATION = C:\tools
# environment
PROCESSOR_IDENTIFIER = Intel64 Family 6 Model 167 Stepping 1, GenuineIntel
# variable set hash-table stats:
# Load=117/1024=11%, Rehash=0, Collisions=10/141=7%

# Pattern-specific Variable Values

# No pattern-specific variable values.

# Directories

# . (key d:/PRO-PHOTO/codecanyon-wowonder-the-ultimate-php-social-network-platform/wowonder, mtime 1655520574): 37 files, no impossibilities.

# 37 files, no impossibilities in 1 directories.

# Implicit Rules

# No implicit rules.

# Files

# Not a target:
Makefile:
#  Implicit rule search has been done.
#  File does not exist.
#  File has been updated.
#  Failed to be updated.

# Not a target:
.DEFAULT:
#  Implicit rule search has not been done.
#  Modification time never checked.
#  File has not been updated.

# Not a target:
all:
#  Command line target.
#  Implicit rule search has been done.
#  File does not exist.
#  File has not been updated.

# Not a target:
makefile:
#  Implicit rule search has been done.
#  File does not exist.
#  File has been updated.
#  Failed to be updated.

# Not a target:
makefile.mak:
#  Implicit rule search has been done.
#  File does not exist.
#  File has been updated.
#  Failed to be updated.

# Not a target:
GNUmakefile:
#  Implicit rule search has been done.
#  File does not exist.
#  File has been updated.
#  Failed to be updated.

# files hash-table stats:
# Load=7/1024=1%, Rehash=0, Collisions=0/16=0%
# VPATH Search Paths

# No 'vpath' search paths.

# No general ('VPATH' variable) search path.

# strcache buffers: 1 (0) / strings = 44 / storage = 439 B / avg = 9 B
# current buf: size = 8174 B / used = 439 B / count = 44 / avg = 9 B

# strcache performance: lookups = 47 / hit rate = 6%
# hash-table stats:
# Load=44/8192=1%, Rehash=0, Collisions=0/47=0%
# Finished Make data base on Sat Jun 18 09:49:35 2022

 
